2025-03-12 14:04:30 - src.local_db_handler.database_file - INFO - creating database file test.db...
2025-03-12 14:04:30 - src.local_db_handler.utils - INFO - checking if test.db exists in C:\Users\rodkee2\Documents\Programming\local_db_handler_0_2\examples...
2025-03-12 14:04:30 - src.local_db_handler.database_file - INFO - database file test.db created.
2025-03-12 14:04:30 - src.local_db_handler.database_file - DEBUG - new db file path: C:\Users\rodkee2\Documents\Programming\local_db_handler_0_2\examples\test.db
2025-03-12 14:04:30 - src.local_db_handler.database_file - INFO - moving test.db from C:\Users\rodkee2\Documents\Programming\local_db_handler_0_2\examples to C:\Users\rodkee2\Documents\Programming\local_db_handler_0_2\.pytest_cache...
2025-03-12 14:04:30 - src.local_db_handler.utils - INFO - checking if test.db exists in C:\Users\rodkee2\Documents\Programming\local_db_handler_0_2\.pytest_cache...
2025-03-12 14:04:30 - src.local_db_handler.utils - DEBUG - checking test.db == .gitignore
2025-03-12 14:04:30 - src.local_db_handler.utils - DEBUG - checking test.db == CACHEDIR.TAG
2025-03-12 14:04:30 - src.local_db_handler.utils - DEBUG - checking test.db == README.md
2025-03-12 14:04:30 - src.local_db_handler.utils - DEBUG - checking test.db == v
2025-03-12 14:04:30 - src.local_db_handler.utils - INFO - checking if test.db exists in C:\Users\rodkee2\Documents\Programming\local_db_handler_0_2\examples...
2025-03-12 14:04:30 - src.local_db_handler.utils - DEBUG - checking test.db == test.db
2025-03-12 14:04:30 - src.local_db_handler.database_file - INFO - creating database file test.db...
2025-03-12 14:04:30 - src.local_db_handler.utils - INFO - checking if test.db exists in C:\Users\rodkee2\Documents\Programming\local_db_handler_0_2\__pycache__...
2025-03-12 14:04:30 - src.local_db_handler.utils - DEBUG - checking test.db == __init__.cpython-313.pyc
2025-03-12 14:04:30 - src.local_db_handler.utils - DEBUG - checking test.db == __init__.cpython-38.pyc
2025-03-12 14:04:30 - src.local_db_handler.database_file - INFO - database file test.db created.
2025-03-12 14:04:30 - src.local_db_handler.database_file - DEBUG - new db file path: C:\Users\rodkee2\Documents\Programming\local_db_handler_0_2\__pycache__\test.db
2025-03-12 14:04:30 - src.local_db_handler.database_file - INFO - moving test.db from C:\Users\rodkee2\Documents\Programming\local_db_handler_0_2\__pycache__ to C:\Users\rodkee2\Documents\Programming\local_db_handler_0_2\.pytest_cache...
2025-03-12 14:04:30 - src.local_db_handler.utils - INFO - checking if test.db exists in C:\Users\rodkee2\Documents\Programming\local_db_handler_0_2\.pytest_cache...
2025-03-12 14:04:30 - src.local_db_handler.utils - DEBUG - checking test.db == .gitignore
2025-03-12 14:04:30 - src.local_db_handler.utils - DEBUG - checking test.db == CACHEDIR.TAG
2025-03-12 14:04:30 - src.local_db_handler.utils - DEBUG - checking test.db == README.md
2025-03-12 14:04:30 - src.local_db_handler.utils - DEBUG - checking test.db == v
2025-03-12 14:04:30 - src.local_db_handler.utils - INFO - checking if test.db exists in C:\Users\rodkee2\Documents\Programming\local_db_handler_0_2\__pycache__...
2025-03-12 14:04:30 - src.local_db_handler.utils - DEBUG - checking test.db == test.db
2025-03-12 14:04:30 - src.local_db_handler.utils - DEBUG - checking test.db == __init__.cpython-313.pyc
2025-03-12 14:04:30 - src.local_db_handler.utils - DEBUG - checking test.db == __init__.cpython-38.pyc
2025-03-12 14:04:30 - src.local_db_handler.database_file - INFO - creating database file test.db...
2025-03-12 14:04:30 - src.local_db_handler.utils - INFO - checking if test.db exists in C:\Users\rodkee2\Documents\Programming\local_db_handler_0_2\__pycache__...
2025-03-12 14:04:30 - src.local_db_handler.utils - DEBUG - checking test.db == __init__.cpython-313.pyc
2025-03-12 14:04:30 - src.local_db_handler.utils - DEBUG - checking test.db == __init__.cpython-38.pyc
2025-03-12 14:04:30 - src.local_db_handler.database_file - INFO - database file test.db created.
2025-03-12 14:04:30 - src.local_db_handler.database_file - DEBUG - new db file path: C:\Users\rodkee2\Documents\Programming\local_db_handler_0_2\__pycache__\test.db
2025-03-12 14:04:30 - src.local_db_handler.database_file - INFO - moving test.db from C:\Users\rodkee2\Documents\Programming\local_db_handler_0_2\__pycache__ to C:\Users\rodkee2\Documents\Programming\local_db_handler_0_2\.pytest_cache...
2025-03-12 14:04:30 - src.local_db_handler.utils - INFO - checking if test.db exists in C:\Users\rodkee2\Documents\Programming\local_db_handler_0_2\.pytest_cache...
2025-03-12 14:04:30 - src.local_db_handler.utils - DEBUG - checking test.db == .gitignore
2025-03-12 14:04:30 - src.local_db_handler.utils - DEBUG - checking test.db == CACHEDIR.TAG
2025-03-12 14:04:30 - src.local_db_handler.utils - DEBUG - checking test.db == README.md
2025-03-12 14:04:30 - src.local_db_handler.utils - DEBUG - checking test.db == v
2025-03-12 14:04:30 - src.local_db_handler.utils - INFO - checking if test.db exists in C:\Users\rodkee2\Documents\Programming\local_db_handler_0_2\__pycache__...
2025-03-12 14:04:30 - src.local_db_handler.utils - DEBUG - checking test.db == test.db
2025-03-12 14:04:30 - src.local_db_handler.utils - DEBUG - checking test.db == __init__.cpython-313.pyc
2025-03-12 14:04:30 - src.local_db_handler.utils - DEBUG - checking test.db == __init__.cpython-38.pyc
2025-03-12 14:04:30 - src.local_db_handler.db_connections - INFO - creating connection engine to data\test.db...
2025-03-12 14:04:30 - src.local_db_handler.db_connections - INFO - creating session for Engine(sqlite:///data\test.db)...
2025-03-12 14:04:30 - src.local_db_handler.utils - INFO - checking if test.db exists in .\data...
2025-03-12 14:04:30 - src.local_db_handler.utils - DEBUG - checking test.db == logs
2025-03-12 14:04:30 - src.local_db_handler.utils - DEBUG - checking test.db == test.db
2025-03-12 14:04:30 - src.local_db_handler.utils - INFO - checking if test.db exists in .\data...
2025-03-12 14:04:30 - src.local_db_handler.utils - DEBUG - checking test.db == logs
2025-03-12 14:04:30 - src.local_db_handler.utils - INFO - checking if fake.db exists in .\data\logs...
2025-03-12 14:04:30 - src.local_db_handler.utils - DEBUG - checking fake.db == log_file.log
2025-03-12 14:04:30 - src.local_db_handler.utils - DEBUG - checking if test.db is a .db file...
2025-03-12 14:04:30 - src.local_db_handler.utils - DEBUG - checking if .\data\test.db is a .db file...
2025-03-12 14:04:30 - src.local_db_handler.utils - DEBUG - checking if asdfghjkl.db is a .db file...
2025-03-12 14:04:30 - src.local_db_handler.utils - DEBUG - checking if test.db1 is a .db file...
2025-03-12 14:04:30 - src.local_db_handler.utils - DEBUG - checking if .\data\logs is a .db file...
2025-03-12 14:04:30 - src.local_db_handler.utils - DEBUG - checking if .dbs is a .db file...
2025-03-12 14:04:30 - src.local_db_handler.utils - DEBUG - checking if 5 is a .db file...
2025-03-12 14:04:30 - src.local_db_handler.utils - ERROR - 5 is not a string: 'int' object has no attribute 'lower'
2025-03-12 14:04:30 - src.local_db_handler.utils - DEBUG - checking if 3.14 is a .db file...
2025-03-12 14:04:30 - src.local_db_handler.utils - ERROR - 3.14 is not a string: 'float' object has no attribute 'lower'
2025-03-12 14:04:30 - src.local_db_handler.utils - DEBUG - checking if [] is a .db file...
2025-03-12 14:04:30 - src.local_db_handler.utils - ERROR - [] is not a string: 'list' object has no attribute 'lower'
2025-03-12 14:04:30 - src.local_db_handler.utils - DEBUG - checking if <class 'dict'> is a .db file...
2025-03-12 14:04:30 - src.local_db_handler.utils - ERROR - <class 'dict'> is not a string: type object 'dict' has no attribute 'lower'
